<?xml version="1.0" encoding="UTF-8"?>
<!-- Generated by org.testng.reporters.JUnitReportReporter -->
<testsuite hostname="DESKTOP-U9882TR" failures="0" tests="1" name="tests.JsonPathExample" time="5.769" errors="0" timestamp="2024-07-24T20:21:28 EEST" skipped="0">
  <testcase classname="tests.JsonPathExample" name="testJsonPath" time="5.769"/>
  <system-out/>
</testsuite> <!-- tests.JsonPathExample -->
