<?xml version="1.0" encoding="UTF-8"?>
<!-- Generated by org.testng.reporters.JUnitReportReporter -->
<testsuite hostname="DESKTOP-U9882TR" failures="0" tests="1" name="tests.RestExample" time="3.747" errors="0" timestamp="2024-07-10T21:25:38 EEST" skipped="0">
  <testcase classname="tests.RestExample" name="restExampleTest" time="3.747"/>
  <system-out/>
</testsuite> <!-- tests.RestExample -->
