<?xml version="1.0" encoding="UTF-8"?>
<!-- Generated by org.testng.reporters.JUnitReportReporter -->
<testsuite hostname="DESKTOP-U9882TR" failures="0" tests="1" name="tests.RestassuredXmlExample" time="3.521" errors="0" timestamp="2024-07-31T21:08:04 EEST" skipped="0">
  <testcase classname="tests.RestassuredXmlExample" name="testXmlResponse" time="3.521"/>
  <system-out/>
</testsuite> <!-- tests.RestassuredXmlExample -->
