<?xml version="1.0" encoding="UTF-8"?>
<!-- Generated by org.testng.reporters.JUnitReportReporter -->
<testsuite hostname="DESKTOP-U9882TR" failures="0" tests="1" name="tests.JsonPathExample" time="5.627" errors="0" timestamp="2024-07-24T21:25:48 EEST" skipped="0">
  <testcase classname="tests.JsonPathExample" name="testJsonPath" time="5.627"/>
  <system-out/>
</testsuite> <!-- tests.JsonPathExample -->
