<?xml version="1.0" encoding="UTF-8"?>
<!-- Generated by org.testng.reporters.JUnitReportReporter -->
<testsuite hostname="DESKTOP-U9882TR" failures="0" tests="4" name="tests.BaseComponentExample" time="4.525" errors="0" timestamp="2024-07-20T09:34:05 EEST" skipped="0">
  <testcase classname="tests.BaseComponentExample" name="createNewUser" time="3.091"/>
  <system-out/>
  <testcase classname="tests.BaseComponentExample" name="readUser" time="0.502"/>
  <system-out/>
  <testcase classname="tests.BaseComponentExample" name="updateUser" time="0.520"/>
  <system-out/>
  <testcase classname="tests.BaseComponentExample" name="deleteUser" time="0.412"/>
  <system-out/>
</testsuite> <!-- tests.BaseComponentExample -->
