<?xml version="1.0" encoding="UTF-8"?>
<!-- Generated by org.testng.reporters.JUnitReportReporter -->
<testsuite hostname="DESKTOP-U9882TR" failures="0" tests="1" name="tests.RestExample" time="5.320" errors="0" timestamp="2024-07-15T19:34:21 EEST" skipped="0">
  <testcase classname="tests.RestExample" name="restExampleTest" time="5.320"/>
  <system-out/>
</testsuite> <!-- tests.RestExample -->
