<?xml version="1.0" encoding="UTF-8"?>
<!-- Generated by org.testng.reporters.JUnitReportReporter -->
<testsuite hostname="DESKTOP-U9882TR" failures="0" tests="1" name="tests.MultipartExample" time="3.478" errors="0" timestamp="2024-07-31T20:38:26 EEST" skipped="0">
  <testcase classname="tests.MultipartExample" name="multipartTest" time="3.478"/>
  <system-out/>
</testsuite> <!-- tests.MultipartExample -->
