<?xml version="1.0" encoding="UTF-8"?>
<!-- Generated by org.testng.reporters.JUnitReportReporter -->
<testsuite hostname="DESKTOP-U9882TR" failures="0" tests="4" name="tests.CrudExamples" time="5.708" errors="0" timestamp="2024-07-15T20:34:56 EEST" skipped="0">
  <testcase classname="tests.CrudExamples" name="createTodo" time="4.417"/>
  <system-out/>
  <testcase classname="tests.CrudExamples" name="geToDO" time="0.549"/>
  <system-out/>
  <testcase classname="tests.CrudExamples" name="updateTODO" time="0.371"/>
  <system-out/>
  <testcase classname="tests.CrudExamples" name="deleteToDO" time="0.371"/>
  <system-out/>
</testsuite> <!-- tests.CrudExamples -->
