<?xml version="1.0" encoding="UTF-8"?>
<!-- Generated by org.testng.reporters.JUnitReportReporter -->
<testsuite hostname="DESKTOP-U9882TR" failures="0" tests="1" name="tests.Homework4" time="4.189" errors="0" timestamp="2024-07-29T07:06:42 EEST" skipped="0">
  <testcase classname="tests.Homework4" name="testAPI" time="4.189"/>
  <system-out/>
</testsuite> <!-- tests.Homework4 -->
