<?xml version="1.0" encoding="UTF-8"?>
<!-- Generated by org.testng.reporters.JUnitReportReporter -->
<testsuite hostname="DESKTOP-U9882TR" failures="0" tests="1" name="tests.HomeWork1" time="2.517" errors="0" timestamp="2024-07-15T07:22:56 EEST" skipped="0">
  <testcase classname="tests.HomeWork1" name="postFakeJson" time="2.517"/>
  <system-out/>
</testsuite> <!-- tests.HomeWork1 -->
