<?xml version="1.0" encoding="UTF-8"?>
<!-- Generated by org.testng.reporters.JUnitReportReporter -->
<testsuite hostname="DESKTOP-U9882TR" failures="0" tests="4" name="tests.Homework2" time="4.501" errors="0" timestamp="2024-07-22T19:09:24 EEST" skipped="0">
  <testcase classname="tests.Homework2" name="createNewAirline" time="2.830"/>
  <system-out/>
  <testcase classname="tests.Homework2" name="updateExistingTicket" time="0.771"/>
  <system-out/>
  <testcase classname="tests.Homework2" name="getTicket" time="0.462"/>
  <system-out/>
  <testcase classname="tests.Homework2" name="deleteTicket" time="0.438"/>
  <system-out/>
</testsuite> <!-- tests.Homework2 -->
