<?xml version="1.0" encoding="UTF-8"?>
<!-- Generated by org.testng.reporters.JUnitReportReporter -->
<testsuite hostname="DESKTOP-U9882TR" failures="0" tests="2" name="tests.HomeWork3" time="4.470" errors="0" timestamp="2024-07-29T06:22:31 EEST" skipped="0">
  <testcase classname="tests.HomeWork3" name="testStarship" time="3.263"/>
  <system-out/>
  <testcase classname="tests.HomeWork3" name="testStarshipInstannce" time="1.207"/>
  <system-out/>
</testsuite> <!-- tests.HomeWork3 -->
